<?xml version="1.0" encoding="UTF-8"?>
<coverage generated="1760033592274" clover="3.2.0">
  <project timestamp="1760033592274" name="All files">
    <metrics statements="60" coveredstatements="49" conditionals="49" coveredconditionals="38" methods="10" coveredmethods="10" elements="119" coveredelements="97" complexity="0" loc="60" ncloc="60" packages="1" files="1" classes="1"/>
    <file name="schema.js" path="/home/mark/src/reserve-rec-api/lib/handlers/emailDispatch/schema.js">
      <metrics statements="60" coveredstatements="49" conditionals="49" coveredconditionals="38" methods="10" coveredmethods="10"/>
      <line num="68" count="4" type="stmt"/>
      <line num="71" count="4" type="stmt"/>
      <line num="82" count="4" type="stmt"/>
      <line num="83" count="32" type="cond" truecount="2" falsecount="0"/>
      <line num="84" count="7" type="stmt"/>
      <line num="89" count="4" type="cond" truecount="4" falsecount="0"/>
      <line num="90" count="1" type="stmt"/>
      <line num="94" count="4" type="cond" truecount="3" falsecount="1"/>
      <line num="95" count="0" type="stmt"/>
      <line num="99" count="4" type="cond" truecount="4" falsecount="0"/>
      <line num="100" count="1" type="stmt"/>
      <line num="104" count="4" type="stmt"/>
      <line num="105" count="4" type="cond" truecount="3" falsecount="1"/>
      <line num="106" count="0" type="stmt"/>
      <line num="110" count="4" type="cond" truecount="4" falsecount="0"/>
      <line num="111" count="3" type="stmt"/>
      <line num="112" count="3" type="stmt"/>
      <line num="115" count="4" type="stmt"/>
      <line num="127" count="3" type="stmt"/>
      <line num="130" count="3" type="cond" truecount="1" falsecount="1"/>
      <line num="131" count="0" type="stmt"/>
      <line num="133" count="3" type="stmt"/>
      <line num="134" count="3" type="stmt"/>
      <line num="138" count="3" type="stmt"/>
      <line num="139" count="15" type="cond" truecount="1" falsecount="1"/>
      <line num="140" count="0" type="stmt"/>
      <line num="146" count="3" type="cond" truecount="1" falsecount="1"/>
      <line num="147" count="0" type="stmt"/>
      <line num="149" count="3" type="stmt"/>
      <line num="150" count="3" type="stmt"/>
      <line num="152" count="3" type="stmt"/>
      <line num="153" count="6" type="cond" truecount="1" falsecount="1"/>
      <line num="154" count="0" type="stmt"/>
      <line num="160" count="3" type="cond" truecount="1" falsecount="1"/>
      <line num="161" count="0" type="stmt"/>
      <line num="163" count="3" type="stmt"/>
      <line num="164" count="3" type="stmt"/>
      <line num="166" count="3" type="stmt"/>
      <line num="167" count="9" type="cond" truecount="1" falsecount="1"/>
      <line num="168" count="0" type="stmt"/>
      <line num="172" count="3" type="cond" truecount="4" falsecount="1"/>
      <line num="173" count="0" type="stmt"/>
      <line num="178" count="3" type="cond" truecount="1" falsecount="1"/>
      <line num="179" count="0" type="stmt"/>
      <line num="181" count="3" type="stmt"/>
      <line num="182" count="3" type="stmt"/>
      <line num="184" count="3" type="stmt"/>
      <line num="185" count="9" type="cond" truecount="1" falsecount="1"/>
      <line num="186" count="0" type="stmt"/>
      <line num="190" count="3" type="cond" truecount="4" falsecount="0"/>
      <line num="191" count="1" type="stmt"/>
      <line num="195" count="3" type="stmt"/>
      <line num="204" count="6" type="stmt"/>
      <line num="205" count="6" type="stmt"/>
      <line num="215" count="3" type="stmt"/>
      <line num="216" count="3" type="stmt"/>
      <line num="234" count="3" type="stmt"/>
      <line num="236" count="3" type="stmt"/>
      <line num="252" count="3" type="stmt"/>
      <line num="255" count="1" type="stmt"/>
    </file>
  </project>
</coverage>
