{"/home/mark/src/reserve-rec-api/lib/handlers/emailDispatch/schema.js": {"path":"/home/mark/src/reserve-rec-api/lib/handlers/emailDispatch/schema.js","statementMap":{"0":{"start":{"line":68,"column":17},"end":{"line":68,"column":19}},"1":{"start":{"line":71,"column":25},"end":{"line":80,"column":3}},"2":{"start":{"line":82,"column":2},"end":{"line":86,"column":5}},"3":{"start":{"line":83,"column":4},"end":{"line":85,"column":5}},"4":{"start":{"line":84,"column":6},"end":{"line":84,"column":54}},"5":{"start":{"line":89,"column":2},"end":{"line":91,"column":3}},"6":{"start":{"line":90,"column":4},"end":{"line":90,"column":59}},"7":{"start":{"line":94,"column":2},"end":{"line":96,"column":3}},"8":{"start":{"line":95,"column":4},"end":{"line":95,"column":56}},"9":{"start":{"line":99,"column":2},"end":{"line":101,"column":3}},"10":{"start":{"line":100,"column":4},"end":{"line":100,"column":90}},"11":{"start":{"line":104,"column":28},"end":{"line":104,"column":83}},"12":{"start":{"line":105,"column":2},"end":{"line":107,"column":3}},"13":{"start":{"line":106,"column":4},"end":{"line":106,"column":88}},"14":{"start":{"line":110,"column":2},"end":{"line":113,"column":3}},"15":{"start":{"line":111,"column":27},"end":{"line":111,"column":76}},"16":{"start":{"line":112,"column":4},"end":{"line":112,"column":35}},"17":{"start":{"line":115,"column":2},"end":{"line":118,"column":4}},"18":{"start":{"line":127,"column":17},"end":{"line":127,"column":19}},"19":{"start":{"line":130,"column":2},"end":{"line":143,"column":3}},"20":{"start":{"line":131,"column":4},"end":{"line":131,"column":63}},"21":{"start":{"line":133,"column":20},"end":{"line":133,"column":40}},"22":{"start":{"line":134,"column":34},"end":{"line":136,"column":5}},"23":{"start":{"line":138,"column":4},"end":{"line":142,"column":7}},"24":{"start":{"line":139,"column":6},"end":{"line":141,"column":7}},"25":{"start":{"line":140,"column":8},"end":{"line":140,"column":48}},"26":{"start":{"line":146,"column":2},"end":{"line":157,"column":3}},"27":{"start":{"line":147,"column":4},"end":{"line":147,"column":64}},"28":{"start":{"line":149,"column":21},"end":{"line":149,"column":42}},"29":{"start":{"line":150,"column":35},"end":{"line":150,"column":57}},"30":{"start":{"line":152,"column":4},"end":{"line":156,"column":7}},"31":{"start":{"line":153,"column":6},"end":{"line":155,"column":7}},"32":{"start":{"line":154,"column":8},"end":{"line":154,"column":49}},"33":{"start":{"line":160,"column":2},"end":{"line":175,"column":3}},"34":{"start":{"line":161,"column":4},"end":{"line":161,"column":63}},"35":{"start":{"line":163,"column":20},"end":{"line":163,"column":40}},"36":{"start":{"line":164,"column":34},"end":{"line":164,"column":78}},"37":{"start":{"line":166,"column":4},"end":{"line":170,"column":7}},"38":{"start":{"line":167,"column":6},"end":{"line":169,"column":7}},"39":{"start":{"line":168,"column":8},"end":{"line":168,"column":48}},"40":{"start":{"line":172,"column":4},"end":{"line":174,"column":5}},"41":{"start":{"line":173,"column":6},"end":{"line":173,"column":67}},"42":{"start":{"line":178,"column":2},"end":{"line":193,"column":3}},"43":{"start":{"line":179,"column":4},"end":{"line":179,"column":64}},"44":{"start":{"line":181,"column":21},"end":{"line":181,"column":42}},"45":{"start":{"line":182,"column":35},"end":{"line":182,"column":69}},"46":{"start":{"line":184,"column":4},"end":{"line":188,"column":7}},"47":{"start":{"line":185,"column":6},"end":{"line":187,"column":7}},"48":{"start":{"line":186,"column":8},"end":{"line":186,"column":49}},"49":{"start":{"line":190,"column":4},"end":{"line":192,"column":5}},"50":{"start":{"line":191,"column":6},"end":{"line":191,"column":61}},"51":{"start":{"line":195,"column":2},"end":{"line":195,"column":16}},"52":{"start":{"line":204,"column":21},"end":{"line":204,"column":49}},"53":{"start":{"line":205,"column":2},"end":{"line":205,"column":32}},"54":{"start":{"line":215,"column":24},"end":{"line":215,"column":48}},"55":{"start":{"line":216,"column":2},"end":{"line":216,"column":42}},"56":{"start":{"line":234,"column":6},"end":{"line":234,"column":12}},"57":{"start":{"line":236,"column":18},"end":{"line":250,"column":3}},"58":{"start":{"line":252,"column":2},"end":{"line":252,"column":17}},"59":{"start":{"line":255,"column":0},"end":{"line":261,"column":2}}},"fnMap":{"0":{"name":"validateEmailPayload","decl":{"start":{"line":67,"column":9},"end":{"line":67,"column":29}},"loc":{"start":{"line":67,"column":39},"end":{"line":119,"column":1}},"line":67},"1":{"name":"(anonymous_1)","decl":{"start":{"line":82,"column":25},"end":{"line":82,"column":26}},"loc":{"start":{"line":82,"column":34},"end":{"line":86,"column":3}},"line":82},"2":{"name":"validateReceiptTemplateData","decl":{"start":{"line":126,"column":9},"end":{"line":126,"column":36}},"loc":{"start":{"line":126,"column":51},"end":{"line":196,"column":1}},"line":126},"3":{"name":"(anonymous_3)","decl":{"start":{"line":138,"column":34},"end":{"line":138,"column":35}},"loc":{"start":{"line":138,"column":43},"end":{"line":142,"column":5}},"line":138},"4":{"name":"(anonymous_4)","decl":{"start":{"line":152,"column":35},"end":{"line":152,"column":36}},"loc":{"start":{"line":152,"column":44},"end":{"line":156,"column":5}},"line":152},"5":{"name":"(anonymous_5)","decl":{"start":{"line":166,"column":34},"end":{"line":166,"column":35}},"loc":{"start":{"line":166,"column":43},"end":{"line":170,"column":5}},"line":166},"6":{"name":"(anonymous_6)","decl":{"start":{"line":184,"column":35},"end":{"line":184,"column":36}},"loc":{"start":{"line":184,"column":44},"end":{"line":188,"column":5}},"line":184},"7":{"name":"isValidEmail","decl":{"start":{"line":203,"column":9},"end":{"line":203,"column":21}},"loc":{"start":{"line":203,"column":29},"end":{"line":206,"column":1}},"line":203},"8":{"name":"isValidTemplateName","decl":{"start":{"line":213,"column":9},"end":{"line":213,"column":28}},"loc":{"start":{"line":213,"column":43},"end":{"line":217,"column":1}},"line":213},"9":{"name":"createEmailPayload","decl":{"start":{"line":224,"column":9},"end":{"line":224,"column":27}},"loc":{"start":{"line":224,"column":36},"end":{"line":253,"column":1}},"line":224}},"branchMap":{"0":{"loc":{"start":{"line":83,"column":4},"end":{"line":85,"column":5}},"type":"if","locations":[{"start":{"line":83,"column":4},"end":{"line":85,"column":5}},{"start":{},"end":{}}],"line":83},"1":{"loc":{"start":{"line":89,"column":2},"end":{"line":91,"column":3}},"type":"if","locations":[{"start":{"line":89,"column":2},"end":{"line":91,"column":3}},{"start":{},"end":{}}],"line":89},"2":{"loc":{"start":{"line":89,"column":6},"end":{"line":89,"column":69}},"type":"binary-expr","locations":[{"start":{"line":89,"column":6},"end":{"line":89,"column":28}},{"start":{"line":89,"column":32},"end":{"line":89,"column":69}}],"line":89},"3":{"loc":{"start":{"line":94,"column":2},"end":{"line":96,"column":3}},"type":"if","locations":[{"start":{"line":94,"column":2},"end":{"line":96,"column":3}},{"start":{},"end":{}}],"line":94},"4":{"loc":{"start":{"line":94,"column":6},"end":{"line":94,"column":62}},"type":"binary-expr","locations":[{"start":{"line":94,"column":6},"end":{"line":94,"column":20}},{"start":{"line":94,"column":24},"end":{"line":94,"column":62}}],"line":94},"5":{"loc":{"start":{"line":99,"column":2},"end":{"line":101,"column":3}},"type":"if","locations":[{"start":{"line":99,"column":2},"end":{"line":101,"column":3}},{"start":{},"end":{}}],"line":99},"6":{"loc":{"start":{"line":99,"column":6},"end":{"line":99,"column":72}},"type":"binary-expr","locations":[{"start":{"line":99,"column":6},"end":{"line":99,"column":26}},{"start":{"line":99,"column":30},"end":{"line":99,"column":72}}],"line":99},"7":{"loc":{"start":{"line":105,"column":2},"end":{"line":107,"column":3}},"type":"if","locations":[{"start":{"line":105,"column":2},"end":{"line":107,"column":3}},{"start":{},"end":{}}],"line":105},"8":{"loc":{"start":{"line":105,"column":6},"end":{"line":105,"column":77}},"type":"binary-expr","locations":[{"start":{"line":105,"column":6},"end":{"line":105,"column":25}},{"start":{"line":105,"column":29},"end":{"line":105,"column":77}}],"line":105},"9":{"loc":{"start":{"line":110,"column":2},"end":{"line":113,"column":3}},"type":"if","locations":[{"start":{"line":110,"column":2},"end":{"line":113,"column":3}},{"start":{},"end":{}}],"line":110},"10":{"loc":{"start":{"line":110,"column":6},"end":{"line":110,"column":63}},"type":"binary-expr","locations":[{"start":{"line":110,"column":6},"end":{"line":110,"column":39}},{"start":{"line":110,"column":43},"end":{"line":110,"column":63}}],"line":110},"11":{"loc":{"start":{"line":130,"column":2},"end":{"line":143,"column":3}},"type":"if","locations":[{"start":{"line":130,"column":2},"end":{"line":143,"column":3}},{"start":{"line":132,"column":9},"end":{"line":143,"column":3}}],"line":130},"12":{"loc":{"start":{"line":139,"column":6},"end":{"line":141,"column":7}},"type":"if","locations":[{"start":{"line":139,"column":6},"end":{"line":141,"column":7}},{"start":{},"end":{}}],"line":139},"13":{"loc":{"start":{"line":146,"column":2},"end":{"line":157,"column":3}},"type":"if","locations":[{"start":{"line":146,"column":2},"end":{"line":157,"column":3}},{"start":{"line":148,"column":9},"end":{"line":157,"column":3}}],"line":146},"14":{"loc":{"start":{"line":153,"column":6},"end":{"line":155,"column":7}},"type":"if","locations":[{"start":{"line":153,"column":6},"end":{"line":155,"column":7}},{"start":{},"end":{}}],"line":153},"15":{"loc":{"start":{"line":160,"column":2},"end":{"line":175,"column":3}},"type":"if","locations":[{"start":{"line":160,"column":2},"end":{"line":175,"column":3}},{"start":{"line":162,"column":9},"end":{"line":175,"column":3}}],"line":160},"16":{"loc":{"start":{"line":167,"column":6},"end":{"line":169,"column":7}},"type":"if","locations":[{"start":{"line":167,"column":6},"end":{"line":169,"column":7}},{"start":{},"end":{}}],"line":167},"17":{"loc":{"start":{"line":172,"column":4},"end":{"line":174,"column":5}},"type":"if","locations":[{"start":{"line":172,"column":4},"end":{"line":174,"column":5}},{"start":{},"end":{}}],"line":172},"18":{"loc":{"start":{"line":172,"column":8},"end":{"line":172,"column":100}},"type":"binary-expr","locations":[{"start":{"line":172,"column":8},"end":{"line":172,"column":27}},{"start":{"line":172,"column":32},"end":{"line":172,"column":71}},{"start":{"line":172,"column":75},"end":{"line":172,"column":99}}],"line":172},"19":{"loc":{"start":{"line":178,"column":2},"end":{"line":193,"column":3}},"type":"if","locations":[{"start":{"line":178,"column":2},"end":{"line":193,"column":3}},{"start":{"line":180,"column":9},"end":{"line":193,"column":3}}],"line":178},"20":{"loc":{"start":{"line":185,"column":6},"end":{"line":187,"column":7}},"type":"if","locations":[{"start":{"line":185,"column":6},"end":{"line":187,"column":7}},{"start":{},"end":{}}],"line":185},"21":{"loc":{"start":{"line":190,"column":4},"end":{"line":192,"column":5}},"type":"if","locations":[{"start":{"line":190,"column":4},"end":{"line":192,"column":5}},{"start":{},"end":{}}],"line":190},"22":{"loc":{"start":{"line":190,"column":8},"end":{"line":190,"column":55}},"type":"binary-expr","locations":[{"start":{"line":190,"column":8},"end":{"line":190,"column":22}},{"start":{"line":190,"column":26},"end":{"line":190,"column":55}}],"line":190},"23":{"loc":{"start":{"line":231,"column":4},"end":{"line":231,"column":17}},"type":"default-arg","locations":[{"start":{"line":231,"column":13},"end":{"line":231,"column":17}}],"line":231},"24":{"loc":{"start":{"line":233,"column":4},"end":{"line":233,"column":17}},"type":"default-arg","locations":[{"start":{"line":233,"column":15},"end":{"line":233,"column":17}}],"line":233}},"s":{"0":4,"1":4,"2":4,"3":32,"4":7,"5":4,"6":1,"7":4,"8":0,"9":4,"10":1,"11":4,"12":4,"13":0,"14":4,"15":3,"16":3,"17":4,"18":3,"19":3,"20":0,"21":3,"22":3,"23":3,"24":15,"25":0,"26":3,"27":0,"28":3,"29":3,"30":3,"31":6,"32":0,"33":3,"34":0,"35":3,"36":3,"37":3,"38":9,"39":0,"40":3,"41":0,"42":3,"43":0,"44":3,"45":3,"46":3,"47":9,"48":0,"49":3,"50":1,"51":3,"52":6,"53":6,"54":3,"55":3,"56":3,"57":3,"58":3,"59":1},"f":{"0":4,"1":32,"2":3,"3":15,"4":6,"5":9,"6":9,"7":6,"8":3,"9":3},"b":{"0":[7,25],"1":[1,3],"2":[4,3],"3":[0,4],"4":[4,3],"5":[1,3],"6":[4,3],"7":[0,4],"8":[4,4],"9":[3,1],"10":[4,4],"11":[0,3],"12":[0,15],"13":[0,3],"14":[0,6],"15":[0,3],"16":[0,9],"17":[0,3],"18":[3,3,3],"19":[0,3],"20":[0,9],"21":[1,2],"22":[3,3],"23":[2],"24":[3]},"inputSourceMap":null,"_coverageSchema":"1a1c01bbd47fc00a2c39e90264f33305004495a9","hash":"5b1ab9f08f35fd2615bc6a2341d6c82a170ebb60"}
}
