TN:
SF:lib/handlers/emailDispatch/schema.js
FN:67,validateEmailPayload
FN:82,(anonymous_1)
FN:126,validateReceiptTemplateData
FN:138,(anonymous_3)
FN:152,(anonymous_4)
FN:166,(anonymous_5)
FN:184,(anonymous_6)
FN:203,isValidEmail
FN:213,isValidTemplateName
FN:224,createEmailPayload
FNF:10
FNH:10
FNDA:4,validateEmailPayload
FNDA:32,(anonymous_1)
FNDA:3,validateReceiptTemplateData
FNDA:15,(anonymous_3)
FNDA:6,(anonymous_4)
FNDA:9,(anonymous_5)
FNDA:9,(anonymous_6)
FNDA:6,isValidEmail
FNDA:3,isValidTemplateName
FNDA:3,createEmailPayload
DA:68,4
DA:71,4
DA:82,4
DA:83,32
DA:84,7
DA:89,4
DA:90,1
DA:94,4
DA:95,0
DA:99,4
DA:100,1
DA:104,4
DA:105,4
DA:106,0
DA:110,4
DA:111,3
DA:112,3
DA:115,4
DA:127,3
DA:130,3
DA:131,0
DA:133,3
DA:134,3
DA:138,3
DA:139,15
DA:140,0
DA:146,3
DA:147,0
DA:149,3
DA:150,3
DA:152,3
DA:153,6
DA:154,0
DA:160,3
DA:161,0
DA:163,3
DA:164,3
DA:166,3
DA:167,9
DA:168,0
DA:172,3
DA:173,0
DA:178,3
DA:179,0
DA:181,3
DA:182,3
DA:184,3
DA:185,9
DA:186,0
DA:190,3
DA:191,1
DA:195,3
DA:204,6
DA:205,6
DA:215,3
DA:216,3
DA:234,3
DA:236,3
DA:252,3
DA:255,1
LF:60
LH:49
BRDA:83,0,0,7
BRDA:83,0,1,25
BRDA:89,1,0,1
BRDA:89,1,1,3
BRDA:89,2,0,4
BRDA:89,2,1,3
BRDA:94,3,0,0
BRDA:94,3,1,4
BRDA:94,4,0,4
BRDA:94,4,1,3
BRDA:99,5,0,1
BRDA:99,5,1,3
BRDA:99,6,0,4
BRDA:99,6,1,3
BRDA:105,7,0,0
BRDA:105,7,1,4
BRDA:105,8,0,4
BRDA:105,8,1,4
BRDA:110,9,0,3
BRDA:110,9,1,1
BRDA:110,10,0,4
BRDA:110,10,1,4
BRDA:130,11,0,0
BRDA:130,11,1,3
BRDA:139,12,0,0
BRDA:139,12,1,15
BRDA:146,13,0,0
BRDA:146,13,1,3
BRDA:153,14,0,0
BRDA:153,14,1,6
BRDA:160,15,0,0
BRDA:160,15,1,3
BRDA:167,16,0,0
BRDA:167,16,1,9
BRDA:172,17,0,0
BRDA:172,17,1,3
BRDA:172,18,0,3
BRDA:172,18,1,3
BRDA:172,18,2,3
BRDA:178,19,0,0
BRDA:178,19,1,3
BRDA:185,20,0,0
BRDA:185,20,1,9
BRDA:190,21,0,1
BRDA:190,21,1,2
BRDA:190,22,0,3
BRDA:190,22,1,3
BRDA:231,23,0,2
BRDA:233,24,0,3
BRF:49
BRH:38
end_of_record
